This file contains any messages produced by compilers while
running configure, to aid debugging if configure makes a mistake.

It was created by magit configure 0.8.2, which was
generated by GNU Autoconf 2.65.  Invocation command line was

  $ ./configure --prefix=/Users/brett/.emacs.d/magit

## --------- ##
## Platform. ##
## --------- ##

hostname = Vacqueyras.local
uname -m = i386
uname -r = 10.6.0
uname -s = Darwin
uname -v = Darwin Kernel Version 10.6.0: Wed Nov 10 18:13:17 PST 2010; root:xnu-1504.9.26~3/RELEASE_I386

/usr/bin/uname -p = i386
/bin/uname -X     = unknown

/bin/arch              = unknown
/usr/bin/arch -k       = unknown
/usr/convex/getsysinfo = unknown
/usr/bin/hostinfo      = Mach kernel version:
	 Darwin Kernel Version 10.6.0: Wed Nov 10 18:13:17 PST 2010; root:xnu-1504.9.26~3/RELEASE_I386
Kernel configured for up to 2 processors.
2 processors are physically available.
2 processors are logically available.
Processor type: i486 (Intel 80486)
Processors active: 0 1
Primary memory available: 2.00 gigabytes
Default processor set: 84 tasks, 356 threads, 2 processors
Load average: 1.09, Mach factor: 1.09
/bin/machine           = unknown
/usr/bin/oslevel       = unknown
/bin/universe          = unknown

PATH: /Library/Frameworks/Python.framework/Versions/Current/bin
PATH: /sw/bin
PATH: /sw/sbin
PATH: /usr/bin
PATH: /bin
PATH: /usr/sbin
PATH: /sbin
PATH: /usr/local/bin
PATH: /usr/local/git/bin
PATH: /usr/X11/bin
PATH: /usr/X11R6/bin


## ----------- ##
## Core tests. ##
## ----------- ##

configure:1713: checking for a BSD-compatible install
configure:1781: result: /usr/bin/install -c
configure:1792: checking whether build environment is sane
configure:1842: result: yes
configure:1983: checking for a thread-safe mkdir -p
configure:2022: result: ./install-sh -c -d
configure:2035: checking for gawk
configure:2065: result: no
configure:2035: checking for mawk
configure:2065: result: no
configure:2035: checking for nawk
configure:2065: result: no
configure:2035: checking for awk
configure:2051: found /usr/bin/awk
configure:2062: result: awk
configure:2073: checking whether make sets $(MAKE)
configure:2095: result: yes
configure:2328: creating ./config.status

## ---------------------- ##
## Running config.status. ##
## ---------------------- ##

This file was extended by magit config.status 0.8.2, which was
generated by GNU Autoconf 2.65.  Invocation command line was

  CONFIG_FILES    = 
  CONFIG_HEADERS  = 
  CONFIG_LINKS    = 
  CONFIG_COMMANDS = 
  $ ./config.status 

on Vacqueyras.local

config.status:744: creating Makefile
config.status:744: creating magit-pkg.el
config.status:744: creating magit.spec

## ---------------- ##
## Cache variables. ##
## ---------------- ##

ac_cv_env_build_alias_set=
ac_cv_env_build_alias_value=
ac_cv_env_host_alias_set=
ac_cv_env_host_alias_value=
ac_cv_env_target_alias_set=
ac_cv_env_target_alias_value=
ac_cv_path_install='/usr/bin/install -c'
ac_cv_prog_AWK=awk
ac_cv_prog_make_make_set=yes

## ----------------- ##
## Output variables. ##
## ----------------- ##

ACLOCAL='${SHELL} /tmp/magit-0.8.2/missing --run aclocal-1.11'
AMTAR='${SHELL} /tmp/magit-0.8.2/missing --run tar'
AUTOCONF='${SHELL} /tmp/magit-0.8.2/missing --run autoconf'
AUTOHEADER='${SHELL} /tmp/magit-0.8.2/missing --run autoheader'
AUTOMAKE='${SHELL} /tmp/magit-0.8.2/missing --run automake-1.11'
AWK='awk'
CYGPATH_W='echo'
DEFS='-DPACKAGE_NAME=\"magit\" -DPACKAGE_TARNAME=\"magit\" -DPACKAGE_VERSION=\"0.8.2\" -DPACKAGE_STRING=\"magit\ 0.8.2\" -DPACKAGE_BUGREPORT=\"\" -DPACKAGE_URL=\"\" -DPACKAGE=\"magit\" -DVERSION=\"0.8.2\"'
ECHO_C='\c'
ECHO_N=''
ECHO_T=''
INSTALL_DATA='${INSTALL} -m 644'
INSTALL_PROGRAM='${INSTALL}'
INSTALL_SCRIPT='${INSTALL}'
INSTALL_STRIP_PROGRAM='$(install_sh) -c -s'
LIBOBJS=''
LIBS=''
LTLIBOBJS=''
MAKEINFO='${SHELL} /tmp/magit-0.8.2/missing --run makeinfo'
MKDIR_P='./install-sh -c -d'
PACKAGE='magit'
PACKAGE_BUGREPORT=''
PACKAGE_NAME='magit'
PACKAGE_STRING='magit 0.8.2'
PACKAGE_TARNAME='magit'
PACKAGE_URL=''
PACKAGE_VERSION='0.8.2'
PATH_SEPARATOR=':'
SET_MAKE=''
SHELL='/bin/sh'
SITESTART='$(sysconfdir)/emacs/site-start.d'
STRIP=''
VERSION='0.8.2'
am__isrc=''
am__leading_dot='.'
am__tar='${AMTAR} chof - "$$tardir"'
am__untar='${AMTAR} xf -'
bindir='${exec_prefix}/bin'
build_alias=''
datadir='${datarootdir}'
datarootdir='${prefix}/share'
docdir='${datarootdir}/doc/${PACKAGE_TARNAME}'
dvidir='${docdir}'
exec_prefix='${prefix}'
host_alias=''
htmldir='${docdir}'
includedir='${prefix}/include'
infodir='${datarootdir}/info'
install_sh='${SHELL} /tmp/magit-0.8.2/install-sh'
libdir='${exec_prefix}/lib'
libexecdir='${exec_prefix}/libexec'
localedir='${datarootdir}/locale'
localstatedir='${prefix}/var'
mandir='${datarootdir}/man'
mkdir_p='$(top_builddir)/./install-sh -c -d'
oldincludedir='/usr/include'
pdfdir='${docdir}'
prefix='/Users/brett/.emacs.d/magit'
program_transform_name='s,x,x,'
psdir='${docdir}'
sbindir='${exec_prefix}/sbin'
sharedstatedir='${prefix}/com'
sysconfdir='${prefix}/etc'
target_alias=''

## ----------- ##
## confdefs.h. ##
## ----------- ##

/* confdefs.h */
#define PACKAGE_NAME "magit"
#define PACKAGE_TARNAME "magit"
#define PACKAGE_VERSION "0.8.2"
#define PACKAGE_STRING "magit 0.8.2"
#define PACKAGE_BUGREPORT ""
#define PACKAGE_URL ""
#define PACKAGE "magit"
#define VERSION "0.8.2"

configure: exit 0
